WARN [02-03|15:04:09] No etherbase set and no accounts found as default 
INFO [02-03|15:04:09] Starting peer-to-peer node               instance=Geth/v1.7.3-stable/darwin-amd64/go1.9.3
INFO [02-03|15:04:09] Allocated cache and file handles         database=/Users/lemiesz/PersonalProjects/MyToken/myDataDir/geth/chaindata cache=128 handles=1024
WARN [02-03|15:04:09] Upgrading database to use lookup entries 
INFO [02-03|15:04:09] Initialised chain configuration          config="{ChainID: 1994 Homestead: 0 DAO: <nil> DAOSupport: false EIP150: <nil> EIP155: 0 EIP158: 0 Byzantium: 0 Engine: unknown}"
INFO [02-03|15:04:09] Disk storage enabled for ethash caches   dir=/Users/lemiesz/PersonalProjects/MyToken/myDataDir/geth/ethash count=3
INFO [02-03|15:04:09] Disk storage enabled for ethash DAGs     dir=/Users/lemiesz/.ethash                                        count=2
INFO [02-03|15:04:09] Initialising Ethereum protocol           versions="[63 62]" network=1114
INFO [02-03|15:04:09] Database deduplication successful        deduped=0
INFO [02-03|15:04:09] Loaded most recent local header          number=0 hash=9d236a…641806 td=400
INFO [02-03|15:04:09] Loaded most recent local full block      number=0 hash=9d236a…641806 td=400
INFO [02-03|15:04:09] Loaded most recent local fast block      number=0 hash=9d236a…641806 td=400
INFO [02-03|15:04:09] Regenerated local transaction journal    transactions=0 accounts=0
INFO [02-03|15:04:09] Starting P2P networking 
Fatal: Error starting protocol stack: listen udp :30303: bind: address already in use
WARN [02-03|15:04:27] No etherbase set and no accounts found as default 
INFO [02-03|15:04:27] Starting peer-to-peer node               instance=Geth/v1.7.3-stable/darwin-amd64/go1.9.3
INFO [02-03|15:04:27] Allocated cache and file handles         database=/Users/lemiesz/PersonalProjects/MyToken/myDataDir/geth/chaindata cache=128 handles=1024
INFO [02-03|15:04:27] Initialised chain configuration          config="{ChainID: 1994 Homestead: 0 DAO: <nil> DAOSupport: false EIP150: <nil> EIP155: 0 EIP158: 0 Byzantium: 0 Engine: unknown}"
INFO [02-03|15:04:27] Disk storage enabled for ethash caches   dir=/Users/lemiesz/PersonalProjects/MyToken/myDataDir/geth/ethash count=3
INFO [02-03|15:04:27] Disk storage enabled for ethash DAGs     dir=/Users/lemiesz/.ethash                                        count=2
INFO [02-03|15:04:27] Initialising Ethereum protocol           versions="[63 62]" network=1114
INFO [02-03|15:04:27] Loaded most recent local header          number=0 hash=9d236a…641806 td=400
INFO [02-03|15:04:27] Loaded most recent local full block      number=0 hash=9d236a…641806 td=400
INFO [02-03|15:04:27] Loaded most recent local fast block      number=0 hash=9d236a…641806 td=400
INFO [02-03|15:04:27] Loaded local transaction journal         transactions=0 dropped=0
INFO [02-03|15:04:27] Regenerated local transaction journal    transactions=0 accounts=0
INFO [02-03|15:04:27] Starting P2P networking 
INFO [02-03|15:04:30] UDP listener up                          self=enode://262c9db6214947099f7aa45552b350ffa17a210a072accdeaefd6ded250aa4fe7bcf69ba715c5ef3602ac2993c014e8b1bcf4dd7756cd9b5e69eb9b27da1eeee@[::]:30303
INFO [02-03|15:04:30] RLPx listener up                         self=enode://262c9db6214947099f7aa45552b350ffa17a210a072accdeaefd6ded250aa4fe7bcf69ba715c5ef3602ac2993c014e8b1bcf4dd7756cd9b5e69eb9b27da1eeee@[::]:30303
INFO [02-03|15:04:30] IPC endpoint opened: /Users/lemiesz/PersonalProjects/MyToken/myDataDir/geth.ipc 
INFO [02-03|15:10:07] Updated mining threads                   threads=0
INFO [02-03|15:10:07] Transaction pool price threshold updated price=18000000000
INFO [02-03|15:10:07] Starting mining operation 
INFO [02-03|15:10:07] Commit new mining work                   number=1 txs=0 uncles=0 elapsed=152.402µs
INFO [02-03|15:10:10] Generating DAG in progress               epoch=0 percentage=0 elapsed=1.936s
INFO [02-03|15:10:12] Generating DAG in progress               epoch=0 percentage=1 elapsed=3.997s
INFO [02-03|15:10:14] Generating DAG in progress               epoch=0 percentage=2 elapsed=6.313s
INFO [02-03|15:10:16] Generating DAG in progress               epoch=0 percentage=3 elapsed=8.229s
INFO [02-03|15:10:18] Generating DAG in progress               epoch=0 percentage=4 elapsed=10.440s
INFO [02-03|15:10:20] Generating DAG in progress               epoch=0 percentage=5 elapsed=12.520s
INFO [02-03|15:10:22] Generating DAG in progress               epoch=0 percentage=6 elapsed=14.676s
INFO [02-03|15:10:24] Generating DAG in progress               epoch=0 percentage=7 elapsed=16.858s
INFO [02-03|15:10:27] Generating DAG in progress               epoch=0 percentage=8 elapsed=19.091s
INFO [02-03|15:10:29] Generating DAG in progress               epoch=0 percentage=9 elapsed=21.175s
INFO [02-03|15:10:31] Generating DAG in progress               epoch=0 percentage=10 elapsed=23.214s
INFO [02-03|15:10:33] Generating DAG in progress               epoch=0 percentage=11 elapsed=25.761s
INFO [02-03|15:10:35] Generating DAG in progress               epoch=0 percentage=12 elapsed=27.725s
INFO [02-03|15:10:38] Generating DAG in progress               epoch=0 percentage=13 elapsed=30.006s
INFO [02-03|15:10:40] Generating DAG in progress               epoch=0 percentage=14 elapsed=32.378s
INFO [02-03|15:10:42] Generating DAG in progress               epoch=0 percentage=15 elapsed=34.646s
INFO [02-03|15:10:45] Generating DAG in progress               epoch=0 percentage=16 elapsed=37.419s
INFO [02-03|15:10:47] Generating DAG in progress               epoch=0 percentage=17 elapsed=39.731s
INFO [02-03|15:10:49] Generating DAG in progress               epoch=0 percentage=18 elapsed=41.757s
INFO [02-03|15:10:52] Generating DAG in progress               epoch=0 percentage=19 elapsed=44.481s
INFO [02-03|15:10:56] Generating DAG in progress               epoch=0 percentage=20 elapsed=48.179s
INFO [02-03|15:10:59] Generating DAG in progress               epoch=0 percentage=21 elapsed=51.061s
INFO [02-03|15:11:01] Generating DAG in progress               epoch=0 percentage=22 elapsed=53.482s
INFO [02-03|15:11:03] Generating DAG in progress               epoch=0 percentage=23 elapsed=55.565s
INFO [02-03|15:11:05] Generating DAG in progress               epoch=0 percentage=24 elapsed=57.837s
INFO [02-03|15:11:08] Generating DAG in progress               epoch=0 percentage=25 elapsed=1m0.361s
INFO [02-03|15:11:10] Generating DAG in progress               epoch=0 percentage=26 elapsed=1m2.237s
INFO [02-03|15:11:12] Generating DAG in progress               epoch=0 percentage=27 elapsed=1m4.139s
INFO [02-03|15:11:14] Generating DAG in progress               epoch=0 percentage=28 elapsed=1m6.167s
INFO [02-03|15:11:16] Generating DAG in progress               epoch=0 percentage=29 elapsed=1m8.028s
INFO [02-03|15:11:17] Generating DAG in progress               epoch=0 percentage=30 elapsed=1m9.924s
INFO [02-03|15:11:19] Generating DAG in progress               epoch=0 percentage=31 elapsed=1m11.676s
INFO [02-03|15:11:21] Generating DAG in progress               epoch=0 percentage=32 elapsed=1m13.558s
INFO [02-03|15:11:23] Generating DAG in progress               epoch=0 percentage=33 elapsed=1m15.586s
INFO [02-03|15:11:26] Generating DAG in progress               epoch=0 percentage=34 elapsed=1m18.612s
INFO [02-03|15:11:30] Generating DAG in progress               epoch=0 percentage=35 elapsed=1m21.962s
INFO [02-03|15:11:32] Generating DAG in progress               epoch=0 percentage=36 elapsed=1m24.155s
INFO [02-03|15:11:34] Generating DAG in progress               epoch=0 percentage=37 elapsed=1m26.184s
INFO [02-03|15:11:36] Generating DAG in progress               epoch=0 percentage=38 elapsed=1m28.182s
INFO [02-03|15:11:38] Generating DAG in progress               epoch=0 percentage=39 elapsed=1m30.439s
INFO [02-03|15:11:40] Generating DAG in progress               epoch=0 percentage=40 elapsed=1m32.506s
INFO [02-03|15:11:42] Generating DAG in progress               epoch=0 percentage=41 elapsed=1m34.819s
INFO [02-03|15:11:44] Generating DAG in progress               epoch=0 percentage=42 elapsed=1m36.740s
INFO [02-03|15:11:46] Generating DAG in progress               epoch=0 percentage=43 elapsed=1m38.689s
INFO [02-03|15:11:48] Generating DAG in progress               epoch=0 percentage=44 elapsed=1m40.702s
INFO [02-03|15:11:50] Generating DAG in progress               epoch=0 percentage=45 elapsed=1m42.521s
INFO [02-03|15:11:52] Generating DAG in progress               epoch=0 percentage=46 elapsed=1m44.741s
INFO [02-03|15:11:55] Generating DAG in progress               epoch=0 percentage=47 elapsed=1m47.156s
INFO [02-03|15:11:57] Generating DAG in progress               epoch=0 percentage=48 elapsed=1m49.284s
INFO [02-03|15:11:59] Generating DAG in progress               epoch=0 percentage=49 elapsed=1m51.268s
INFO [02-03|15:12:01] Generating DAG in progress               epoch=0 percentage=50 elapsed=1m53.228s
INFO [02-03|15:12:03] Generating DAG in progress               epoch=0 percentage=51 elapsed=1m55.338s
INFO [02-03|15:12:05] Generating DAG in progress               epoch=0 percentage=52 elapsed=1m57.413s
INFO [02-03|15:12:07] Generating DAG in progress               epoch=0 percentage=53 elapsed=1m59.552s
INFO [02-03|15:12:09] Generating DAG in progress               epoch=0 percentage=54 elapsed=2m1.685s
INFO [02-03|15:12:11] Generating DAG in progress               epoch=0 percentage=55 elapsed=2m3.658s
INFO [02-03|15:12:13] Generating DAG in progress               epoch=0 percentage=56 elapsed=2m5.676s
INFO [02-03|15:12:15] Generating DAG in progress               epoch=0 percentage=57 elapsed=2m7.543s
INFO [02-03|15:12:17] Generating DAG in progress               epoch=0 percentage=58 elapsed=2m9.644s
INFO [02-03|15:12:20] Generating DAG in progress               epoch=0 percentage=59 elapsed=2m12.356s
INFO [02-03|15:12:22] Generating DAG in progress               epoch=0 percentage=60 elapsed=2m14.656s
INFO [02-03|15:12:25] Generating DAG in progress               epoch=0 percentage=61 elapsed=2m17.061s
INFO [02-03|15:12:27] Generating DAG in progress               epoch=0 percentage=62 elapsed=2m19.312s
INFO [02-03|15:12:29] Generating DAG in progress               epoch=0 percentage=63 elapsed=2m21.531s
INFO [02-03|15:12:31] Generating DAG in progress               epoch=0 percentage=64 elapsed=2m23.720s
INFO [02-03|15:12:34] Generating DAG in progress               epoch=0 percentage=65 elapsed=2m25.932s
INFO [02-03|15:12:36] Generating DAG in progress               epoch=0 percentage=66 elapsed=2m28.219s
INFO [02-03|15:12:38] Generating DAG in progress               epoch=0 percentage=67 elapsed=2m30.317s
INFO [02-03|15:12:40] Generating DAG in progress               epoch=0 percentage=68 elapsed=2m32.377s
INFO [02-03|15:12:42] Generating DAG in progress               epoch=0 percentage=69 elapsed=2m34.531s
INFO [02-03|15:12:44] Generating DAG in progress               epoch=0 percentage=70 elapsed=2m36.573s
INFO [02-03|15:12:46] Generating DAG in progress               epoch=0 percentage=71 elapsed=2m38.907s
INFO [02-03|15:12:50] Generating DAG in progress               epoch=0 percentage=72 elapsed=2m42.471s
INFO [02-03|15:12:52] Generating DAG in progress               epoch=0 percentage=73 elapsed=2m44.660s
INFO [02-03|15:12:54] Generating DAG in progress               epoch=0 percentage=74 elapsed=2m46.849s
INFO [02-03|15:12:56] Generating DAG in progress               epoch=0 percentage=75 elapsed=2m48.867s
INFO [02-03|15:12:59] Generating DAG in progress               epoch=0 percentage=76 elapsed=2m51.278s
INFO [02-03|15:13:01] Generating DAG in progress               epoch=0 percentage=77 elapsed=2m53.760s
INFO [02-03|15:13:04] Generating DAG in progress               epoch=0 percentage=78 elapsed=2m55.962s
INFO [02-03|15:13:06] Generating DAG in progress               epoch=0 percentage=79 elapsed=2m58.462s
INFO [02-03|15:13:08] Generating DAG in progress               epoch=0 percentage=80 elapsed=3m0.679s
INFO [02-03|15:13:10] Generating DAG in progress               epoch=0 percentage=81 elapsed=3m2.904s
INFO [02-03|15:13:13] Generating DAG in progress               epoch=0 percentage=82 elapsed=3m5.089s
INFO [02-03|15:13:15] Generating DAG in progress               epoch=0 percentage=83 elapsed=3m7.293s
INFO [02-03|15:13:17] Generating DAG in progress               epoch=0 percentage=84 elapsed=3m9.642s
INFO [02-03|15:13:19] Generating DAG in progress               epoch=0 percentage=85 elapsed=3m11.840s
INFO [02-03|15:13:22] Generating DAG in progress               epoch=0 percentage=86 elapsed=3m14.089s
INFO [02-03|15:13:24] Generating DAG in progress               epoch=0 percentage=87 elapsed=3m16.141s
INFO [02-03|15:13:26] Generating DAG in progress               epoch=0 percentage=88 elapsed=3m18.135s
INFO [02-03|15:13:28] Generating DAG in progress               epoch=0 percentage=89 elapsed=3m20.232s
INFO [02-03|15:13:30] Generating DAG in progress               epoch=0 percentage=90 elapsed=3m22.287s
INFO [02-03|15:13:32] Generating DAG in progress               epoch=0 percentage=91 elapsed=3m24.693s
INFO [02-03|15:13:35] Generating DAG in progress               epoch=0 percentage=92 elapsed=3m27.037s
INFO [02-03|15:13:37] Generating DAG in progress               epoch=0 percentage=93 elapsed=3m29.315s
INFO [02-03|15:13:39] Generating DAG in progress               epoch=0 percentage=94 elapsed=3m31.497s
INFO [02-03|15:13:41] Generating DAG in progress               epoch=0 percentage=95 elapsed=3m33.512s
INFO [02-03|15:13:44] Generating DAG in progress               epoch=0 percentage=96 elapsed=3m36.129s
INFO [02-03|15:13:46] Generating DAG in progress               epoch=0 percentage=97 elapsed=3m38.919s
INFO [02-03|15:13:49] Generating DAG in progress               epoch=0 percentage=98 elapsed=3m41.258s
INFO [02-03|15:13:52] Generating DAG in progress               epoch=0 percentage=99 elapsed=3m43.976s
INFO [02-03|15:13:52] Generated ethash verification cache      epoch=0 elapsed=3m43.979s
INFO [02-03|15:13:57] Generating ethash verification cache     epoch=1 percentage=70 elapsed=3.080s
INFO [02-03|15:13:58] Generated ethash verification cache      epoch=1 elapsed=4.024s
INFO [02-03|15:14:03] Successfully sealed new block            number=1 hash=fd8881…5fe958
INFO [02-03|15:14:03] 🔨 mined potential block                  number=1 hash=fd8881…5fe958
INFO [02-03|15:14:03] Commit new mining work                   number=2 txs=0 uncles=0 elapsed=247.674µs
INFO [02-03|15:14:05] Generating DAG in progress               epoch=1 percentage=0  elapsed=7.230s
INFO [02-03|15:14:07] Successfully sealed new block            number=2 hash=3516e4…776929
INFO [02-03|15:14:07] 🔨 mined potential block                  number=2 hash=3516e4…776929
INFO [02-03|15:14:07] Commit new mining work                   number=3 txs=0 uncles=0 elapsed=112.602µs
INFO [02-03|15:14:08] Successfully sealed new block            number=3 hash=037641…4b7c0e
INFO [02-03|15:14:08] 🔨 mined potential block                  number=3 hash=037641…4b7c0e
INFO [02-03|15:14:08] Commit new mining work                   number=4 txs=0 uncles=0 elapsed=129.951µs
INFO [02-03|15:14:12] Generating DAG in progress               epoch=1 percentage=1  elapsed=14.459s
INFO [02-03|15:14:15] Successfully sealed new block            number=4 hash=048944…1fb82d
INFO [02-03|15:14:15] 🔨 mined potential block                  number=4 hash=048944…1fb82d
INFO [02-03|15:14:15] Commit new mining work                   number=5 txs=0 uncles=0 elapsed=125.499µs
INFO [02-03|15:14:17] Successfully sealed new block            number=5 hash=2460a1…2a6a05
INFO [02-03|15:14:17] 🔨 mined potential block                  number=5 hash=2460a1…2a6a05
INFO [02-03|15:14:17] Commit new mining work                   number=6 txs=0 uncles=0 elapsed=117.611µs
INFO [02-03|15:14:19] Generating DAG in progress               epoch=1 percentage=2  elapsed=21.035s
INFO [02-03|15:14:21] Successfully sealed new block            number=6 hash=11a2d4…3408a4
INFO [02-03|15:14:21] 🔗 block reached canonical chain          number=1 hash=fd8881…5fe958
INFO [02-03|15:14:21] 🔨 mined potential block                  number=6 hash=11a2d4…3408a4
INFO [02-03|15:14:21] Commit new mining work                   number=7 txs=0 uncles=0 elapsed=118.803µs
INFO [02-03|15:14:22] Successfully sealed new block            number=7 hash=ea9866…1e83b2
INFO [02-03|15:14:22] 🔗 block reached canonical chain          number=2 hash=3516e4…776929
INFO [02-03|15:14:22] 🔨 mined potential block                  number=7 hash=ea9866…1e83b2
INFO [02-03|15:14:22] Commit new mining work                   number=8 txs=0 uncles=0 elapsed=137.315µs
INFO [02-03|15:14:23] Generating DAG in progress               epoch=1 percentage=3  elapsed=25.362s
INFO [02-03|15:14:27] Successfully sealed new block            number=8 hash=09e06f…227d72
INFO [02-03|15:14:27] 🔗 block reached canonical chain          number=3 hash=037641…4b7c0e
INFO [02-03|15:14:27] 🔨 mined potential block                  number=8 hash=09e06f…227d72
INFO [02-03|15:14:27] Commit new mining work                   number=9 txs=0 uncles=0 elapsed=142.022µs
INFO [02-03|15:14:27] Successfully sealed new block            number=9 hash=f6d00a…0f13e0
INFO [02-03|15:14:27] 🔗 block reached canonical chain          number=4 hash=048944…1fb82d
INFO [02-03|15:14:27] 🔨 mined potential block                  number=9 hash=f6d00a…0f13e0
INFO [02-03|15:14:27] Commit new mining work                   number=10 txs=0 uncles=0 elapsed=137.783µs
INFO [02-03|15:14:27] Successfully sealed new block            number=10 hash=e33e01…b53a6d
INFO [02-03|15:14:27] 🔗 block reached canonical chain          number=5  hash=2460a1…2a6a05
INFO [02-03|15:14:27] 🔨 mined potential block                  number=10 hash=e33e01…b53a6d
INFO [02-03|15:14:27] Mining too far in the future             wait=2s
INFO [02-03|15:14:28] Generating DAG in progress               epoch=1 percentage=4  elapsed=29.758s
INFO [02-03|15:14:29] Commit new mining work                   number=11 txs=0 uncles=0 elapsed=2.005s
INFO [02-03|15:14:30] Successfully sealed new block            number=11 hash=9aac0f…8db305
INFO [02-03|15:14:30] 🔗 block reached canonical chain          number=6  hash=11a2d4…3408a4
INFO [02-03|15:14:30] 🔨 mined potential block                  number=11 hash=9aac0f…8db305
INFO [02-03|15:14:30] Commit new mining work                   number=12 txs=0 uncles=0 elapsed=137.013µs
INFO [02-03|15:14:30] Successfully sealed new block            number=12 hash=346172…3f9869
INFO [02-03|15:14:30] 🔗 block reached canonical chain          number=7  hash=ea9866…1e83b2
INFO [02-03|15:14:30] 🔨 mined potential block                  number=12 hash=346172…3f9869
INFO [02-03|15:14:30] Commit new mining work                   number=13 txs=0 uncles=0 elapsed=137.735µs
INFO [02-03|15:14:30] Generating DAG in progress               epoch=1 percentage=5  elapsed=32.362s
INFO [02-03|15:14:30] Successfully sealed new block            number=13 hash=10ebd5…731eee
INFO [02-03|15:14:30] 🔗 block reached canonical chain          number=8  hash=09e06f…227d72
INFO [02-03|15:14:30] 🔨 mined potential block                  number=13 hash=10ebd5…731eee
INFO [02-03|15:14:30] Mining too far in the future             wait=2s
INFO [02-03|15:14:32] Commit new mining work                   number=14 txs=0 uncles=0 elapsed=2.005s
INFO [02-03|15:14:33] Generating DAG in progress               epoch=1 percentage=6  elapsed=35.021s
INFO [02-03|15:14:34] Successfully sealed new block            number=14 hash=c3251e…084a97
INFO [02-03|15:14:34] 🔗 block reached canonical chain          number=9  hash=f6d00a…0f13e0
INFO [02-03|15:14:34] 🔨 mined potential block                  number=14 hash=c3251e…084a97
INFO [02-03|15:14:34] Commit new mining work                   number=15 txs=0 uncles=0 elapsed=206.526µs
INFO [02-03|15:14:35] Successfully sealed new block            number=15 hash=c1f604…cd95c5
INFO [02-03|15:14:35] 🔗 block reached canonical chain          number=10 hash=e33e01…b53a6d
INFO [02-03|15:14:35] 🔨 mined potential block                  number=15 hash=c1f604…cd95c5
INFO [02-03|15:14:35] Commit new mining work                   number=16 txs=0 uncles=0 elapsed=592.2µs
INFO [02-03|15:14:37] Generating DAG in progress               epoch=1 percentage=7  elapsed=39.088s
INFO [02-03|15:14:39] Successfully sealed new block            number=16 hash=1d005d…1c3c81
INFO [02-03|15:14:39] 🔗 block reached canonical chain          number=11 hash=9aac0f…8db305
INFO [02-03|15:14:39] 🔨 mined potential block                  number=16 hash=1d005d…1c3c81
INFO [02-03|15:14:39] Commit new mining work                   number=17 txs=0 uncles=0 elapsed=168.62µs
INFO [02-03|15:14:42] Successfully sealed new block            number=17 hash=0227d8…ff766c
INFO [02-03|15:14:42] 🔗 block reached canonical chain          number=12 hash=346172…3f9869
INFO [02-03|15:14:42] 🔨 mined potential block                  number=17 hash=0227d8…ff766c
INFO [02-03|15:14:42] Commit new mining work                   number=18 txs=0 uncles=0 elapsed=116.67µs
INFO [02-03|15:14:42] Generating DAG in progress               epoch=1 percentage=8  elapsed=43.837s
INFO [02-03|15:14:42] Successfully sealed new block            number=18 hash=086b88…f6d176
INFO [02-03|15:14:42] 🔗 block reached canonical chain          number=13 hash=10ebd5…731eee
INFO [02-03|15:14:42] 🔨 mined potential block                  number=18 hash=086b88…f6d176
INFO [02-03|15:14:42] Commit new mining work                   number=19 txs=0 uncles=0 elapsed=180.944µs
INFO [02-03|15:14:47] Generating DAG in progress               epoch=1 percentage=9  elapsed=48.762s
INFO [02-03|15:14:47] Successfully sealed new block            number=19 hash=e09398…81056f
INFO [02-03|15:14:47] 🔗 block reached canonical chain          number=14 hash=c3251e…084a97
INFO [02-03|15:14:47] 🔨 mined potential block                  number=19 hash=e09398…81056f
INFO [02-03|15:14:47] Commit new mining work                   number=20 txs=0 uncles=0 elapsed=167.385µs
INFO [02-03|15:14:51] Generating DAG in progress               epoch=1 percentage=10 elapsed=53.556s
INFO [02-03|15:14:54] Successfully sealed new block            number=20 hash=681232…058e21
INFO [02-03|15:14:54] 🔗 block reached canonical chain          number=15 hash=c1f604…cd95c5
INFO [02-03|15:14:54] 🔨 mined potential block                  number=20 hash=681232…058e21
INFO [02-03|15:14:54] Commit new mining work                   number=21 txs=0 uncles=0 elapsed=264.026µs
INFO [02-03|15:14:55] Successfully sealed new block            number=21 hash=2e3247…6deecf
INFO [02-03|15:14:55] 🔗 block reached canonical chain          number=16 hash=1d005d…1c3c81
INFO [02-03|15:14:55] 🔨 mined potential block                  number=21 hash=2e3247…6deecf
INFO [02-03|15:14:55] Commit new mining work                   number=22 txs=0 uncles=0 elapsed=182.674µs
INFO [02-03|15:14:57] Generating DAG in progress               epoch=1 percentage=11 elapsed=58.844s
INFO [02-03|15:15:01] Successfully sealed new block            number=22 hash=d38b79…1ef651
INFO [02-03|15:15:01] 🔗 block reached canonical chain          number=17 hash=0227d8…ff766c
INFO [02-03|15:15:01] 🔨 mined potential block                  number=22 hash=d38b79…1ef651
INFO [02-03|15:15:01] Commit new mining work                   number=23 txs=0 uncles=0 elapsed=117.825µs
INFO [02-03|15:15:03] Successfully sealed new block            number=23 hash=c2f752…8cc425
INFO [02-03|15:15:03] 🔗 block reached canonical chain          number=18 hash=086b88…f6d176
INFO [02-03|15:15:03] 🔨 mined potential block                  number=23 hash=c2f752…8cc425
INFO [02-03|15:15:03] Commit new mining work                   number=24 txs=0 uncles=0 elapsed=175.769µs
INFO [02-03|15:15:03] Generating DAG in progress               epoch=1 percentage=12 elapsed=1m5.458s
INFO [02-03|15:15:03] Successfully sealed new block            number=24 hash=649495…fb1fef
INFO [02-03|15:15:03] 🔗 block reached canonical chain          number=19 hash=e09398…81056f
INFO [02-03|15:15:03] 🔨 mined potential block                  number=24 hash=649495…fb1fef
INFO [02-03|15:15:03] Commit new mining work                   number=25 txs=0 uncles=0 elapsed=158.5µs
INFO [02-03|15:15:05] Successfully sealed new block            number=25 hash=2cbf3d…0dca70
INFO [02-03|15:15:05] 🔗 block reached canonical chain          number=20 hash=681232…058e21
INFO [02-03|15:15:05] 🔨 mined potential block                  number=25 hash=2cbf3d…0dca70
INFO [02-03|15:15:05] Commit new mining work                   number=26 txs=0 uncles=0 elapsed=285.31µs
INFO [02-03|15:15:06] Successfully sealed new block            number=26 hash=c5038b…1ef7d5
INFO [02-03|15:15:06] 🔗 block reached canonical chain          number=21 hash=2e3247…6deecf
INFO [02-03|15:15:06] 🔨 mined potential block                  number=26 hash=c5038b…1ef7d5
INFO [02-03|15:15:06] Commit new mining work                   number=27 txs=0 uncles=0 elapsed=153.361µs
INFO [02-03|15:15:06] Successfully sealed new block            number=27 hash=c9c9c4…8f236a
INFO [02-03|15:15:06] 🔗 block reached canonical chain          number=22 hash=d38b79…1ef651
INFO [02-03|15:15:06] 🔨 mined potential block                  number=27 hash=c9c9c4…8f236a
INFO [02-03|15:15:06] Commit new mining work                   number=28 txs=0 uncles=0 elapsed=202.307µs
INFO [02-03|15:15:06] Successfully sealed new block            number=28 hash=267605…76018e
INFO [02-03|15:15:06] 🔗 block reached canonical chain          number=23 hash=c2f752…8cc425
INFO [02-03|15:15:06] 🔨 mined potential block                  number=28 hash=267605…76018e
INFO [02-03|15:15:06] Mining too far in the future             wait=2s
INFO [02-03|15:15:08] Generating DAG in progress               epoch=1 percentage=13 elapsed=1m9.838s
INFO [02-03|15:15:08] Commit new mining work                   number=29 txs=0 uncles=0 elapsed=2.019s
INFO [02-03|15:15:11] Generating DAG in progress               epoch=1 percentage=14 elapsed=1m13.310s
INFO [02-03|15:15:15] Successfully sealed new block            number=29 hash=c830f7…2bf939
INFO [02-03|15:15:15] 🔗 block reached canonical chain          number=24 hash=649495…fb1fef
INFO [02-03|15:15:15] 🔨 mined potential block                  number=29 hash=c830f7…2bf939
INFO [02-03|15:15:15] Commit new mining work                   number=30 txs=0 uncles=0 elapsed=178.002µs
INFO [02-03|15:15:16] Successfully sealed new block            number=30 hash=ce37de…bf2506
INFO [02-03|15:15:16] 🔗 block reached canonical chain          number=25 hash=2cbf3d…0dca70
INFO [02-03|15:15:16] 🔨 mined potential block                  number=30 hash=ce37de…bf2506
INFO [02-03|15:15:16] Commit new mining work                   number=31 txs=0 uncles=0 elapsed=156.236µs
INFO [02-03|15:15:16] Successfully sealed new block            number=31 hash=51ef1f…017f1a
INFO [02-03|15:15:16] 🔗 block reached canonical chain          number=26 hash=c5038b…1ef7d5
INFO [02-03|15:15:16] 🔨 mined potential block                  number=31 hash=51ef1f…017f1a
INFO [02-03|15:15:16] Commit new mining work                   number=32 txs=0 uncles=0 elapsed=427.462µs
INFO [02-03|15:15:17] Generating DAG in progress               epoch=1 percentage=15 elapsed=1m19.638s
INFO [02-03|15:15:17] Successfully sealed new block            number=32 hash=982fd0…1a445e
INFO [02-03|15:15:17] 🔗 block reached canonical chain          number=27 hash=c9c9c4…8f236a
INFO [02-03|15:15:17] 🔨 mined potential block                  number=32 hash=982fd0…1a445e
INFO [02-03|15:15:17] Commit new mining work                   number=33 txs=0 uncles=0 elapsed=124.379µs
INFO [02-03|15:15:19] Successfully sealed new block            number=33 hash=6a075d…a2ab12
INFO [02-03|15:15:19] 🔗 block reached canonical chain          number=28 hash=267605…76018e
INFO [02-03|15:15:19] 🔨 mined potential block                  number=33 hash=6a075d…a2ab12
INFO [02-03|15:15:19] Commit new mining work                   number=34 txs=0 uncles=0 elapsed=123.46µs
INFO [02-03|15:15:19] Successfully sealed new block            number=34 hash=fa01a7…c94ac5
INFO [02-03|15:15:19] 🔗 block reached canonical chain          number=29 hash=c830f7…2bf939
INFO [02-03|15:15:19] 🔨 mined potential block                  number=34 hash=fa01a7…c94ac5
INFO [02-03|15:15:19] Commit new mining work                   number=35 txs=0 uncles=0 elapsed=145.94µs
INFO [02-03|15:15:21] Generating DAG in progress               epoch=1 percentage=16 elapsed=1m23.562s
INFO [02-03|15:15:24] Successfully sealed new block            number=35 hash=c09810…4c284a
INFO [02-03|15:15:24] 🔗 block reached canonical chain          number=30 hash=ce37de…bf2506
INFO [02-03|15:15:24] 🔨 mined potential block                  number=35 hash=c09810…4c284a
INFO [02-03|15:15:24] Commit new mining work                   number=36 txs=0 uncles=0 elapsed=174.503µs
INFO [02-03|15:15:24] Successfully sealed new block            number=36 hash=98ca4b…14e039
INFO [02-03|15:15:24] 🔗 block reached canonical chain          number=31 hash=51ef1f…017f1a
INFO [02-03|15:15:24] 🔨 mined potential block                  number=36 hash=98ca4b…14e039
INFO [02-03|15:15:24] Commit new mining work                   number=37 txs=0 uncles=0 elapsed=123.149µs
INFO [02-03|15:15:26] Generating DAG in progress               epoch=1 percentage=17 elapsed=1m28.093s
INFO [02-03|15:15:28] Generating DAG in progress               epoch=1 percentage=18 elapsed=1m30.508s
INFO [02-03|15:15:30] Generating DAG in progress               epoch=1 percentage=19 elapsed=1m32.644s
INFO [02-03|15:15:33] Generating DAG in progress               epoch=1 percentage=20 elapsed=1m34.768s
INFO [02-03|15:15:35] Generating DAG in progress               epoch=1 percentage=21 elapsed=1m36.760s
INFO [02-03|15:15:37] Generating DAG in progress               epoch=1 percentage=22 elapsed=1m38.912s
INFO [02-03|15:15:39] Generating DAG in progress               epoch=1 percentage=23 elapsed=1m41.251s
INFO [02-03|15:15:41] Generating DAG in progress               epoch=1 percentage=24 elapsed=1m43.336s
INFO [02-03|15:15:43] Generating DAG in progress               epoch=1 percentage=25 elapsed=1m45.395s
INFO [02-03|15:15:45] Generating DAG in progress               epoch=1 percentage=26 elapsed=1m47.486s
INFO [02-03|15:15:48] Generating DAG in progress               epoch=1 percentage=27 elapsed=1m49.787s
INFO [02-03|15:15:50] Generating DAG in progress               epoch=1 percentage=28 elapsed=1m52.009s
INFO [02-03|15:15:52] Generating DAG in progress               epoch=1 percentage=29 elapsed=1m53.987s
INFO [02-03|15:15:54] Generating DAG in progress               epoch=1 percentage=30 elapsed=1m56.704s
INFO [02-03|15:15:57] Generating DAG in progress               epoch=1 percentage=31 elapsed=1m59.035s
INFO [02-03|15:15:59] Generating DAG in progress               epoch=1 percentage=32 elapsed=2m1.221s
INFO [02-03|15:16:01] Generating DAG in progress               epoch=1 percentage=33 elapsed=2m3.346s
INFO [02-03|15:16:04] Generating DAG in progress               epoch=1 percentage=34 elapsed=2m5.760s
INFO [02-03|15:16:06] Generating DAG in progress               epoch=1 percentage=35 elapsed=2m8.100s
INFO [02-03|15:16:08] Generating DAG in progress               epoch=1 percentage=36 elapsed=2m10.460s
INFO [02-03|15:16:10] Generating DAG in progress               epoch=1 percentage=37 elapsed=2m12.467s
INFO [02-03|15:16:12] Generating DAG in progress               epoch=1 percentage=38 elapsed=2m14.652s
INFO [02-03|15:16:14] Generating DAG in progress               epoch=1 percentage=39 elapsed=2m16.692s
INFO [02-03|15:16:16] Generating DAG in progress               epoch=1 percentage=40 elapsed=2m18.665s
INFO [02-03|15:16:19] Generating DAG in progress               epoch=1 percentage=41 elapsed=2m21.703s
INFO [02-03|15:16:23] Generating DAG in progress               epoch=1 percentage=42 elapsed=2m25.319s
INFO [02-03|15:16:26] Generating DAG in progress               epoch=1 percentage=43 elapsed=2m27.998s
INFO [02-03|15:16:29] Generating DAG in progress               epoch=1 percentage=44 elapsed=2m31.556s
INFO [02-03|15:16:33] Generating DAG in progress               epoch=1 percentage=45 elapsed=2m34.788s
INFO [02-03|15:16:36] Generating DAG in progress               epoch=1 percentage=46 elapsed=2m37.894s
INFO [02-03|15:16:38] Generating DAG in progress               epoch=1 percentage=47 elapsed=2m40.429s
INFO [02-03|15:16:41] Generating DAG in progress               epoch=1 percentage=48 elapsed=2m43.106s
INFO [02-03|15:16:43] Generating DAG in progress               epoch=1 percentage=49 elapsed=2m45.057s
INFO [02-03|15:16:45] Generating DAG in progress               epoch=1 percentage=50 elapsed=2m46.996s
INFO [02-03|15:16:47] Generating DAG in progress               epoch=1 percentage=51 elapsed=2m48.963s
INFO [02-03|15:16:49] Generating DAG in progress               epoch=1 percentage=52 elapsed=2m50.939s
INFO [02-03|15:16:51] Generating DAG in progress               epoch=1 percentage=53 elapsed=2m52.932s
INFO [02-03|15:16:53] Generating DAG in progress               epoch=1 percentage=54 elapsed=2m54.930s
INFO [02-03|15:16:55] Generating DAG in progress               epoch=1 percentage=55 elapsed=2m56.878s
INFO [02-03|15:16:57] Generating DAG in progress               epoch=1 percentage=56 elapsed=2m58.779s
INFO [02-03|15:16:59] Generating DAG in progress               epoch=1 percentage=57 elapsed=3m0.787s
INFO [02-03|15:17:01] Generating DAG in progress               epoch=1 percentage=58 elapsed=3m2.866s
INFO [02-03|15:17:04] Generating DAG in progress               epoch=1 percentage=59 elapsed=3m5.917s
INFO [02-03|15:17:07] Generating DAG in progress               epoch=1 percentage=60 elapsed=3m8.858s
INFO [02-03|15:17:09] Generating DAG in progress               epoch=1 percentage=61 elapsed=3m10.830s
INFO [02-03|15:17:11] Generating DAG in progress               epoch=1 percentage=62 elapsed=3m12.792s
INFO [02-03|15:17:12] Generating DAG in progress               epoch=1 percentage=63 elapsed=3m14.627s
INFO [02-03|15:17:14] Generating DAG in progress               epoch=1 percentage=64 elapsed=3m16.466s
INFO [02-03|15:17:16] Generating DAG in progress               epoch=1 percentage=65 elapsed=3m18.363s
INFO [02-03|15:17:18] Generating DAG in progress               epoch=1 percentage=66 elapsed=3m20.366s
INFO [02-03|15:17:20] Generating DAG in progress               epoch=1 percentage=67 elapsed=3m22.401s
INFO [02-03|15:17:22] Generating DAG in progress               epoch=1 percentage=68 elapsed=3m24.332s
INFO [02-03|15:17:24] Generating DAG in progress               epoch=1 percentage=69 elapsed=3m26.131s
INFO [02-03|15:17:26] Generating DAG in progress               epoch=1 percentage=70 elapsed=3m27.930s
INFO [02-03|15:17:28] Generating DAG in progress               epoch=1 percentage=71 elapsed=3m30.042s
INFO [02-03|15:17:30] Generating DAG in progress               epoch=1 percentage=72 elapsed=3m32.157s
INFO [02-03|15:17:33] Generating DAG in progress               epoch=1 percentage=73 elapsed=3m35.278s
INFO [02-03|15:17:36] Generating DAG in progress               epoch=1 percentage=74 elapsed=3m38.471s
INFO [02-03|15:17:39] Generating DAG in progress               epoch=1 percentage=75 elapsed=3m41.473s
INFO [02-03|15:17:42] Generating DAG in progress               epoch=1 percentage=76 elapsed=3m44.396s
INFO [02-03|15:17:45] Generating DAG in progress               epoch=1 percentage=77 elapsed=3m47.206s
INFO [02-03|15:17:47] Generating DAG in progress               epoch=1 percentage=78 elapsed=3m49.517s
INFO [02-03|15:17:49] Generating DAG in progress               epoch=1 percentage=79 elapsed=3m51.573s
INFO [02-03|15:17:51] Generating DAG in progress               epoch=1 percentage=80 elapsed=3m53.528s
INFO [02-03|15:17:53] Generating DAG in progress               epoch=1 percentage=81 elapsed=3m55.526s
INFO [02-03|15:17:55] Generating DAG in progress               epoch=1 percentage=82 elapsed=3m57.485s
INFO [02-03|15:17:57] Generating DAG in progress               epoch=1 percentage=83 elapsed=3m59.677s
INFO [02-03|15:18:00] Generating DAG in progress               epoch=1 percentage=84 elapsed=4m1.930s
INFO [02-03|15:18:02] Generating DAG in progress               epoch=1 percentage=85 elapsed=4m4.094s
INFO [02-03|15:18:04] Generating DAG in progress               epoch=1 percentage=86 elapsed=4m6.325s
INFO [02-03|15:18:06] Generating DAG in progress               epoch=1 percentage=87 elapsed=4m8.529s
INFO [02-03|15:18:08] Generating DAG in progress               epoch=1 percentage=88 elapsed=4m10.602s
INFO [02-03|15:18:11] Generating DAG in progress               epoch=1 percentage=89 elapsed=4m12.818s
INFO [02-03|15:18:13] Generating DAG in progress               epoch=1 percentage=90 elapsed=4m15.132s
INFO [02-03|15:18:15] Generating DAG in progress               epoch=1 percentage=91 elapsed=4m17.370s
INFO [02-03|15:18:17] Generating DAG in progress               epoch=1 percentage=92 elapsed=4m19.612s
INFO [02-03|15:18:20] Generating DAG in progress               epoch=1 percentage=93 elapsed=4m21.862s
INFO [02-03|15:18:22] Generating DAG in progress               epoch=1 percentage=94 elapsed=4m23.859s
INFO [02-03|15:18:24] Generating DAG in progress               epoch=1 percentage=95 elapsed=4m25.883s
INFO [02-03|15:18:26] Generating DAG in progress               epoch=1 percentage=96 elapsed=4m28.067s
INFO [02-03|15:18:28] Generating DAG in progress               epoch=1 percentage=97 elapsed=4m30.178s
INFO [02-03|15:18:30] Generating DAG in progress               epoch=1 percentage=98 elapsed=4m32.391s
INFO [02-03|15:18:33] Generating DAG in progress               epoch=1 percentage=99 elapsed=4m35.052s
INFO [02-03|15:18:33] Generated ethash verification cache      epoch=1 elapsed=4m35.056s
WARN [02-03|15:26:17] Discarded bad propagated block           number=37 hash=376d85…d0b110
INFO [02-03|15:26:17] Block synchronisation started 
INFO [02-03|15:26:17] Imported new state entries               count=2 elapsed=54.907µs  processed=2 pending=0 retry=0 duplicate=0 unexpected=0
INFO [02-03|15:26:17] Imported new block headers               count=2 elapsed=8.920ms   number=38 hash=aa9f45…c2b077 ignored=36
INFO [02-03|15:26:18] Imported new chain segment               blocks=2 txs=0 mgas=0.000 elapsed=4.882ms   mgasps=0.000 number=38 hash=aa9f45…c2b077 ignored=36
INFO [02-03|15:26:18] Fast sync complete, auto disabling 
INFO [02-03|15:26:18] Imported new chain segment               blocks=1 txs=0 mgas=0.000 elapsed=6.552ms   mgasps=0.000 number=39 hash=77f02d…17a2db
INFO [02-03|15:26:18] Imported new chain segment               blocks=1 txs=0 mgas=0.000 elapsed=8.144ms   mgasps=0.000 number=40 hash=ea96c9…56d0a2
INFO [02-03|15:26:21] Imported new chain segment               blocks=2 txs=0 mgas=0.000 elapsed=6.049ms   mgasps=0.000 number=42 hash=0d589c…74f03a ignored=8
INFO [02-03|15:31:48] Submitted transaction                    fullhash=0xd24bd55fa22f875232937edf529d34174d20adc1a4cf34938cc7d951827cb1aa recipient=0x26DFC56aA1Fde36DF92C7fd372944dba46977F8a
INFO [02-03|15:34:01] Updated mining threads                   threads=0
INFO [02-03|15:34:01] Transaction pool price threshold updated price=18000000000
INFO [02-03|15:34:01] Starting mining operation 
INFO [02-03|15:34:01] Commit new mining work                   number=43 txs=1 uncles=0 elapsed=369.991µs
INFO [02-03|15:34:01] 🔗 block reached canonical chain          number=32 hash=982fd0…1a445e
INFO [02-03|15:34:01] 🔗 block reached canonical chain          number=33 hash=6a075d…a2ab12
INFO [02-03|15:34:01] 🔗 block reached canonical chain          number=34 hash=fa01a7…c94ac5
INFO [02-03|15:34:01] 🔗 block reached canonical chain          number=35 hash=c09810…4c284a
INFO [02-03|15:34:01] 🔗 block reached canonical chain          number=36 hash=98ca4b…14e039
INFO [02-03|15:34:02] Successfully sealed new block            number=43 hash=294556…86db83
INFO [02-03|15:34:02] 🔨 mined potential block                  number=43 hash=294556…86db83
INFO [02-03|15:34:02] Commit new mining work                   number=44 txs=0 uncles=0 elapsed=273.362µs
INFO [02-03|15:34:03] Successfully sealed new block            number=44 hash=ca9da1…64065b
INFO [02-03|15:34:03] 🔨 mined potential block                  number=44 hash=ca9da1…64065b
INFO [02-03|15:34:03] Commit new mining work                   number=45 txs=0 uncles=0 elapsed=237.336µs
INFO [02-03|15:34:03] Successfully sealed new block            number=45 hash=d06dd0…553dde
INFO [02-03|15:34:03] 🔨 mined potential block                  number=45 hash=d06dd0…553dde
INFO [02-03|15:34:03] Commit new mining work                   number=46 txs=0 uncles=0 elapsed=231.315µs
INFO [02-03|15:34:04] Successfully sealed new block            number=46 hash=165f05…463ac3
INFO [02-03|15:34:04] 🔨 mined potential block                  number=46 hash=165f05…463ac3
INFO [02-03|15:34:04] Commit new mining work                   number=47 txs=0 uncles=0 elapsed=192.597µs
INFO [02-03|15:34:05] Successfully sealed new block            number=47 hash=98aff5…7c9f53
INFO [02-03|15:34:05] 🔨 mined potential block                  number=47 hash=98aff5…7c9f53
INFO [02-03|15:34:05] Commit new mining work                   number=48 txs=0 uncles=0 elapsed=228.159µs
INFO [02-03|15:34:05] Successfully sealed new block            number=48 hash=05cc0f…b059a0
INFO [02-03|15:34:05] 🔗 block reached canonical chain          number=43 hash=294556…86db83
INFO [02-03|15:34:05] 🔨 mined potential block                  number=48 hash=05cc0f…b059a0
INFO [02-03|15:34:05] Mining too far in the future             wait=2s
INFO [02-03|15:34:07] Commit new mining work                   number=49 txs=0 uncles=0 elapsed=2.003s
INFO [02-03|15:34:08] Successfully sealed new block            number=49 hash=d01e1f…f157cc
INFO [02-03|15:34:08] 🔗 block reached canonical chain          number=44 hash=ca9da1…64065b
INFO [02-03|15:34:08] 🔨 mined potential block                  number=49 hash=d01e1f…f157cc
INFO [02-03|15:34:08] Commit new mining work                   number=50 txs=0 uncles=0 elapsed=272.946µs
INFO [02-03|15:34:09] Successfully sealed new block            number=50 hash=8745fb…e6b00e
INFO [02-03|15:34:09] 🔗 block reached canonical chain          number=45 hash=d06dd0…553dde
INFO [02-03|15:34:09] 🔨 mined potential block                  number=50 hash=8745fb…e6b00e
INFO [02-03|15:34:09] Commit new mining work                   number=51 txs=0 uncles=0 elapsed=237.108µs
INFO [02-03|15:34:09] Successfully sealed new block            number=51 hash=ab5022…89d757
INFO [02-03|15:34:09] 🔗 block reached canonical chain          number=46 hash=165f05…463ac3
INFO [02-03|15:34:09] 🔨 mined potential block                  number=51 hash=ab5022…89d757
INFO [02-03|15:34:09] Commit new mining work                   number=52 txs=0 uncles=0 elapsed=149.496µs
INFO [02-03|15:34:10] Successfully sealed new block            number=52 hash=77fc81…f8b354
INFO [02-03|15:34:10] 🔗 block reached canonical chain          number=47 hash=98aff5…7c9f53
INFO [02-03|15:34:10] 🔨 mined potential block                  number=52 hash=77fc81…f8b354
INFO [02-03|15:34:10] Commit new mining work                   number=53 txs=0 uncles=0 elapsed=252.373µs
INFO [02-03|15:34:10] Successfully sealed new block            number=53 hash=535b84…ecdfb9
INFO [02-03|15:34:10] 🔗 block reached canonical chain          number=48 hash=05cc0f…b059a0
INFO [02-03|15:34:10] 🔨 mined potential block                  number=53 hash=535b84…ecdfb9
INFO [02-03|15:34:10] Mining too far in the future             wait=2s
INFO [02-03|15:34:12] Commit new mining work                   number=54 txs=0 uncles=0 elapsed=2.004s
INFO [02-03|15:34:13] Successfully sealed new block            number=54 hash=a0468c…31ef05
INFO [02-03|15:34:13] 🔗 block reached canonical chain          number=49 hash=d01e1f…f157cc
INFO [02-03|15:34:13] 🔨 mined potential block                  number=54 hash=a0468c…31ef05
INFO [02-03|15:34:13] Commit new mining work                   number=55 txs=0 uncles=0 elapsed=284.34µs
INFO [02-03|15:34:14] Successfully sealed new block            number=55 hash=d64b8d…886af1
INFO [02-03|15:34:14] 🔗 block reached canonical chain          number=50 hash=8745fb…e6b00e
INFO [02-03|15:34:14] 🔨 mined potential block                  number=55 hash=d64b8d…886af1
INFO [02-03|15:34:14] Commit new mining work                   number=56 txs=0 uncles=0 elapsed=111.08µs
INFO [02-03|15:34:15] Successfully sealed new block            number=56 hash=353008…057d2d
INFO [02-03|15:34:15] 🔗 block reached canonical chain          number=51 hash=ab5022…89d757
INFO [02-03|15:34:15] 🔨 mined potential block                  number=56 hash=353008…057d2d
INFO [02-03|15:34:15] Commit new mining work                   number=57 txs=0 uncles=0 elapsed=188.258µs
INFO [02-03|15:34:15] Successfully sealed new block            number=57 hash=50ebcf…effa1a
INFO [02-03|15:34:15] 🔗 block reached canonical chain          number=52 hash=77fc81…f8b354
INFO [02-03|15:34:15] 🔨 mined potential block                  number=57 hash=50ebcf…effa1a
INFO [02-03|15:34:15] Commit new mining work                   number=58 txs=0 uncles=0 elapsed=166.085µs
INFO [02-03|15:34:18] Successfully sealed new block            number=58 hash=cd94c3…cc1b70
INFO [02-03|15:34:18] 🔗 block reached canonical chain          number=53 hash=535b84…ecdfb9
INFO [02-03|15:34:18] 🔨 mined potential block                  number=58 hash=cd94c3…cc1b70
INFO [02-03|15:34:18] Commit new mining work                   number=59 txs=0 uncles=0 elapsed=144.831µs
INFO [02-03|15:34:22] Successfully sealed new block            number=59 hash=fff9c0…d562ed
INFO [02-03|15:34:22] 🔗 block reached canonical chain          number=54 hash=a0468c…31ef05
INFO [02-03|15:34:22] 🔨 mined potential block                  number=59 hash=fff9c0…d562ed
INFO [02-03|15:34:22] Commit new mining work                   number=60 txs=0 uncles=0 elapsed=259.324µs
INFO [02-03|15:34:22] Successfully sealed new block            number=60 hash=467ed3…eab49c
INFO [02-03|15:34:22] 🔗 block reached canonical chain          number=55 hash=d64b8d…886af1
INFO [02-03|15:34:22] 🔨 mined potential block                  number=60 hash=467ed3…eab49c
INFO [02-03|15:34:22] Commit new mining work                   number=61 txs=0 uncles=0 elapsed=263.721µs
INFO [02-03|15:34:23] Successfully sealed new block            number=61 hash=2e8ddf…802c29
INFO [02-03|15:34:23] 🔗 block reached canonical chain          number=56 hash=353008…057d2d
INFO [02-03|15:34:23] 🔨 mined potential block                  number=61 hash=2e8ddf…802c29
INFO [02-03|15:34:23] Commit new mining work                   number=62 txs=0 uncles=0 elapsed=294.179µs
INFO [02-03|15:34:23] Successfully sealed new block            number=62 hash=3a6ceb…4cc0b8
INFO [02-03|15:34:23] 🔗 block reached canonical chain          number=57 hash=50ebcf…effa1a
INFO [02-03|15:34:23] 🔨 mined potential block                  number=62 hash=3a6ceb…4cc0b8
INFO [02-03|15:34:23] Mining too far in the future             wait=2s
INFO [02-03|15:34:25] Commit new mining work                   number=63 txs=0 uncles=0 elapsed=2.004s
INFO [02-03|15:34:25] Successfully sealed new block            number=63 hash=1476df…505ece
INFO [02-03|15:34:25] 🔗 block reached canonical chain          number=58 hash=cd94c3…cc1b70
INFO [02-03|15:34:25] 🔨 mined potential block                  number=63 hash=1476df…505ece
INFO [02-03|15:34:25] Commit new mining work                   number=64 txs=0 uncles=0 elapsed=279.575µs
INFO [02-03|15:34:25] Successfully sealed new block            number=64 hash=a9f8e7…d33b6b
INFO [02-03|15:34:25] Mining too far in the future             wait=2s
INFO [02-03|15:34:25] 🔗 block reached canonical chain          number=59 hash=fff9c0…d562ed
INFO [02-03|15:34:25] 🔨 mined potential block                  number=64 hash=a9f8e7…d33b6b
INFO [02-03|15:34:27] Commit new mining work                   number=65 txs=0 uncles=0 elapsed=2.002s
INFO [02-03|15:34:33] Successfully sealed new block            number=65 hash=f1c5a0…ab5d3f
INFO [02-03|15:34:33] 🔗 block reached canonical chain          number=60 hash=467ed3…eab49c
INFO [02-03|15:34:33] 🔨 mined potential block                  number=65 hash=f1c5a0…ab5d3f
INFO [02-03|15:34:33] Commit new mining work                   number=66 txs=0 uncles=0 elapsed=275.47µs
INFO [02-03|15:34:34] Successfully sealed new block            number=66 hash=ae4b11…9854a2
INFO [02-03|15:34:34] 🔗 block reached canonical chain          number=61 hash=2e8ddf…802c29
INFO [02-03|15:34:34] 🔨 mined potential block                  number=66 hash=ae4b11…9854a2
INFO [02-03|15:34:34] Commit new mining work                   number=67 txs=0 uncles=0 elapsed=193.357µs
INFO [02-03|15:34:40] Successfully sealed new block            number=67 hash=ea0db0…2cdc32
INFO [02-03|15:34:40] 🔗 block reached canonical chain          number=62 hash=3a6ceb…4cc0b8
INFO [02-03|15:34:40] 🔨 mined potential block                  number=67 hash=ea0db0…2cdc32
INFO [02-03|15:34:40] Commit new mining work                   number=68 txs=0 uncles=0 elapsed=240.387µs
INFO [02-03|15:34:42] Successfully sealed new block            number=68 hash=6024a3…0a0060
INFO [02-03|15:34:42] 🔗 block reached canonical chain          number=63 hash=1476df…505ece
INFO [02-03|15:34:42] 🔨 mined potential block                  number=68 hash=6024a3…0a0060
INFO [02-03|15:34:42] Commit new mining work                   number=69 txs=0 uncles=0 elapsed=4.608ms
INFO [02-03|15:34:43] Successfully sealed new block            number=69 hash=bdfc86…858ccc
INFO [02-03|15:34:43] 🔗 block reached canonical chain          number=64 hash=a9f8e7…d33b6b
INFO [02-03|15:34:43] 🔨 mined potential block                  number=69 hash=bdfc86…858ccc
INFO [02-03|15:34:43] Commit new mining work                   number=70 txs=0 uncles=0 elapsed=184.347µs
INFO [02-03|15:34:43] Successfully sealed new block            number=70 hash=516e43…3cf8c7
INFO [02-03|15:34:43] 🔗 block reached canonical chain          number=65 hash=f1c5a0…ab5d3f
INFO [02-03|15:34:43] 🔨 mined potential block                  number=70 hash=516e43…3cf8c7
INFO [02-03|15:34:43] Commit new mining work                   number=71 txs=0 uncles=0 elapsed=1.910ms
INFO [02-03|15:34:44] Successfully sealed new block            number=71 hash=2f00bc…5eb5bc
INFO [02-03|15:34:44] 🔗 block reached canonical chain          number=66 hash=ae4b11…9854a2
INFO [02-03|15:34:44] 🔨 mined potential block                  number=71 hash=2f00bc…5eb5bc
INFO [02-03|15:34:44] Commit new mining work                   number=72 txs=0 uncles=0 elapsed=231.754µs
INFO [02-03|15:34:44] Successfully sealed new block            number=72 hash=48c51a…e0346c
INFO [02-03|15:34:44] 🔗 block reached canonical chain          number=67 hash=ea0db0…2cdc32
INFO [02-03|15:34:44] 🔨 mined potential block                  number=72 hash=48c51a…e0346c
INFO [02-03|15:34:44] Mining too far in the future             wait=2s
INFO [02-03|15:34:46] Commit new mining work                   number=73 txs=0 uncles=0 elapsed=2.000s
INFO [02-03|15:34:49] Successfully sealed new block            number=73 hash=6218d8…bf3c85
INFO [02-03|15:34:49] 🔗 block reached canonical chain          number=68 hash=6024a3…0a0060
INFO [02-03|15:34:49] 🔨 mined potential block                  number=73 hash=6218d8…bf3c85
INFO [02-03|15:34:49] Commit new mining work                   number=74 txs=0 uncles=0 elapsed=785.111µs
INFO [02-03|15:34:50] Successfully sealed new block            number=74 hash=422374…b669e3
INFO [02-03|15:34:50] 🔗 block reached canonical chain          number=69 hash=bdfc86…858ccc
INFO [02-03|15:34:50] 🔨 mined potential block                  number=74 hash=422374…b669e3
INFO [02-03|15:34:50] Commit new mining work                   number=75 txs=0 uncles=0 elapsed=236.777µs
INFO [02-03|15:34:50] Successfully sealed new block            number=75 hash=320c6b…4c5fa2
INFO [02-03|15:34:50] 🔗 block reached canonical chain          number=70 hash=516e43…3cf8c7
INFO [02-03|15:34:50] 🔨 mined potential block                  number=75 hash=320c6b…4c5fa2
INFO [02-03|15:34:50] Commit new mining work                   number=76 txs=0 uncles=0 elapsed=330.787µs
INFO [02-03|15:34:51] Successfully sealed new block            number=76 hash=2a2b77…f6b1c4
INFO [02-03|15:34:51] 🔗 block reached canonical chain          number=71 hash=2f00bc…5eb5bc
INFO [02-03|15:34:51] 🔨 mined potential block                  number=76 hash=2a2b77…f6b1c4
INFO [02-03|15:34:51] Commit new mining work                   number=77 txs=0 uncles=0 elapsed=221.305µs
INFO [02-03|15:34:51] Successfully sealed new block            number=77 hash=52b1e9…28f79f
INFO [02-03|15:34:51] 🔗 block reached canonical chain          number=72 hash=48c51a…e0346c
INFO [02-03|15:34:51] 🔨 mined potential block                  number=77 hash=52b1e9…28f79f
INFO [02-03|15:34:51] Mining too far in the future             wait=2s
INFO [02-03|15:34:53] Commit new mining work                   number=78 txs=0 uncles=0 elapsed=2.005s
INFO [02-03|15:34:56] Successfully sealed new block            number=78 hash=04f6c5…ec7afd
INFO [02-03|15:34:56] Commit new mining work                   number=79 txs=0 uncles=0 elapsed=410.679µs
INFO [02-03|15:34:56] 🔗 block reached canonical chain          number=73 hash=6218d8…bf3c85
INFO [02-03|15:34:56] 🔨 mined potential block                  number=78 hash=04f6c5…ec7afd
INFO [02-03|15:34:58] Successfully sealed new block            number=79 hash=e4bea7…b0fefb
INFO [02-03|15:34:58] 🔗 block reached canonical chain          number=74 hash=422374…b669e3
INFO [02-03|15:34:58] 🔨 mined potential block                  number=79 hash=e4bea7…b0fefb
INFO [02-03|15:34:58] Commit new mining work                   number=80 txs=0 uncles=0 elapsed=312.409µs
INFO [02-03|15:35:01] Successfully sealed new block            number=80 hash=50e99d…0be279
INFO [02-03|15:35:01] 🔗 block reached canonical chain          number=75 hash=320c6b…4c5fa2
INFO [02-03|15:35:01] 🔨 mined potential block                  number=80 hash=50e99d…0be279
INFO [02-03|15:35:01] Commit new mining work                   number=81 txs=0 uncles=0 elapsed=269.988µs
INFO [02-03|15:35:06] Successfully sealed new block            number=81 hash=731bb6…e13c76
INFO [02-03|15:35:06] 🔗 block reached canonical chain          number=76 hash=2a2b77…f6b1c4
INFO [02-03|15:35:06] 🔨 mined potential block                  number=81 hash=731bb6…e13c76
INFO [02-03|15:35:06] Commit new mining work                   number=82 txs=0 uncles=0 elapsed=172.957µs
INFO [02-03|15:35:07] Successfully sealed new block            number=82 hash=02a8ff…afcb73
INFO [02-03|15:35:07] 🔗 block reached canonical chain          number=77 hash=52b1e9…28f79f
INFO [02-03|15:35:07] 🔨 mined potential block                  number=82 hash=02a8ff…afcb73
INFO [02-03|15:35:07] Commit new mining work                   number=83 txs=0 uncles=0 elapsed=2.899ms
INFO [02-03|15:35:07] Successfully sealed new block            number=83 hash=c1b39c…790206
INFO [02-03|15:35:07] 🔗 block reached canonical chain          number=78 hash=04f6c5…ec7afd
INFO [02-03|15:35:07] 🔨 mined potential block                  number=83 hash=c1b39c…790206
INFO [02-03|15:35:07] Commit new mining work                   number=84 txs=0 uncles=0 elapsed=128.445µs
INFO [02-03|15:35:07] Successfully sealed new block            number=84 hash=8c5465…e548c7
INFO [02-03|15:35:07] 🔗 block reached canonical chain          number=79 hash=e4bea7…b0fefb
INFO [02-03|15:35:07] 🔨 mined potential block                  number=84 hash=8c5465…e548c7
INFO [02-03|15:35:07] Mining too far in the future             wait=2s
INFO [02-03|15:35:09] Commit new mining work                   number=85 txs=0 uncles=0 elapsed=2.000s
INFO [02-03|15:35:10] Successfully sealed new block            number=85 hash=aa09e0…006db5
INFO [02-03|15:35:10] 🔗 block reached canonical chain          number=80 hash=50e99d…0be279
INFO [02-03|15:35:10] 🔨 mined potential block                  number=85 hash=aa09e0…006db5
INFO [02-03|15:35:10] Commit new mining work                   number=86 txs=0 uncles=0 elapsed=714.336µs
INFO [02-03|15:35:13] Successfully sealed new block            number=86 hash=9f8c2b…4dc4c1
INFO [02-03|15:35:13] 🔗 block reached canonical chain          number=81 hash=731bb6…e13c76
INFO [02-03|15:35:13] 🔨 mined potential block                  number=86 hash=9f8c2b…4dc4c1
INFO [02-03|15:35:13] Commit new mining work                   number=87 txs=0 uncles=0 elapsed=188.232µs
INFO [02-03|15:35:14] Successfully sealed new block            number=87 hash=46300c…0227be
INFO [02-03|15:35:14] 🔗 block reached canonical chain          number=82 hash=02a8ff…afcb73
INFO [02-03|15:35:14] 🔨 mined potential block                  number=87 hash=46300c…0227be
INFO [02-03|15:35:14] Commit new mining work                   number=88 txs=0 uncles=0 elapsed=282.377µs
INFO [02-03|15:35:15] Successfully sealed new block            number=88 hash=623864…31d9c9
INFO [02-03|15:35:15] 🔗 block reached canonical chain          number=83 hash=c1b39c…790206
INFO [02-03|15:35:15] 🔨 mined potential block                  number=88 hash=623864…31d9c9
INFO [02-03|15:35:15] Commit new mining work                   number=89 txs=0 uncles=0 elapsed=1.573ms
INFO [02-03|15:35:17] Successfully sealed new block            number=89 hash=f6c6ee…0baf48
INFO [02-03|15:35:17] 🔗 block reached canonical chain          number=84 hash=8c5465…e548c7
INFO [02-03|15:35:17] 🔨 mined potential block                  number=89 hash=f6c6ee…0baf48
INFO [02-03|15:35:17] Commit new mining work                   number=90 txs=0 uncles=0 elapsed=171.01µs
INFO [02-03|15:35:18] Successfully sealed new block            number=90 hash=1bb999…f2e822
INFO [02-03|15:35:18] 🔗 block reached canonical chain          number=85 hash=aa09e0…006db5
INFO [02-03|15:35:18] 🔨 mined potential block                  number=90 hash=1bb999…f2e822
INFO [02-03|15:35:18] Commit new mining work                   number=91 txs=0 uncles=0 elapsed=145.628µs
INFO [02-03|15:35:18] Successfully sealed new block            number=91 hash=6ffec7…c0fe7f
INFO [02-03|15:35:18] 🔗 block reached canonical chain          number=86 hash=9f8c2b…4dc4c1
INFO [02-03|15:35:18] 🔨 mined potential block                  number=91 hash=6ffec7…c0fe7f
INFO [02-03|15:35:18] Commit new mining work                   number=92 txs=0 uncles=0 elapsed=1.683ms
INFO [02-03|15:35:19] Successfully sealed new block            number=92 hash=7e5e83…966ea9
INFO [02-03|15:35:19] 🔗 block reached canonical chain          number=87 hash=46300c…0227be
INFO [02-03|15:35:19] 🔨 mined potential block                  number=92 hash=7e5e83…966ea9
INFO [02-03|15:35:19] Commit new mining work                   number=93 txs=0 uncles=0 elapsed=203.435µs
INFO [02-03|15:35:20] Successfully sealed new block            number=93 hash=ab910a…c56aa2
INFO [02-03|15:35:20] 🔗 block reached canonical chain          number=88 hash=623864…31d9c9
INFO [02-03|15:35:20] 🔨 mined potential block                  number=93 hash=ab910a…c56aa2
INFO [02-03|15:35:20] Commit new mining work                   number=94 txs=0 uncles=0 elapsed=211.373µs
INFO [02-03|15:35:26] Successfully sealed new block            number=94 hash=7e185f…4b50c8
INFO [02-03|15:35:26] 🔗 block reached canonical chain          number=89 hash=f6c6ee…0baf48
INFO [02-03|15:35:26] 🔨 mined potential block                  number=94 hash=7e185f…4b50c8
INFO [02-03|15:35:26] Commit new mining work                   number=95 txs=0 uncles=0 elapsed=161.259µs
INFO [02-03|15:35:30] Successfully sealed new block            number=95 hash=09ca49…488163
INFO [02-03|15:35:30] 🔗 block reached canonical chain          number=90 hash=1bb999…f2e822
INFO [02-03|15:35:30] 🔨 mined potential block                  number=95 hash=09ca49…488163
INFO [02-03|15:35:30] Commit new mining work                   number=96 txs=0 uncles=0 elapsed=785.637µs
INFO [02-03|15:35:31] Successfully sealed new block            number=96 hash=2fe150…0a3702
INFO [02-03|15:35:31] 🔗 block reached canonical chain          number=91 hash=6ffec7…c0fe7f
INFO [02-03|15:35:31] 🔨 mined potential block                  number=96 hash=2fe150…0a3702
INFO [02-03|15:35:31] Commit new mining work                   number=97 txs=0 uncles=0 elapsed=222.946µs
INFO [02-03|15:35:31] Successfully sealed new block            number=97 hash=d00464…2d47cd
INFO [02-03|15:35:31] 🔗 block reached canonical chain          number=92 hash=7e5e83…966ea9
INFO [02-03|15:35:31] 🔨 mined potential block                  number=97 hash=d00464…2d47cd
INFO [02-03|15:35:31] Commit new mining work                   number=98 txs=0 uncles=0 elapsed=132.169µs
INFO [02-03|15:35:32] Successfully sealed new block            number=98 hash=ca33b0…2c3766
INFO [02-03|15:35:32] 🔗 block reached canonical chain          number=93 hash=ab910a…c56aa2
INFO [02-03|15:35:32] 🔨 mined potential block                  number=98 hash=ca33b0…2c3766
INFO [02-03|15:35:32] Commit new mining work                   number=99 txs=0 uncles=0 elapsed=143.919µs
INFO [02-03|15:35:33] Successfully sealed new block            number=99 hash=8008bd…58fc08
INFO [02-03|15:35:33] 🔗 block reached canonical chain          number=94 hash=7e185f…4b50c8
INFO [02-03|15:35:33] 🔨 mined potential block                  number=99 hash=8008bd…58fc08
INFO [02-03|15:35:33] Commit new mining work                   number=100 txs=0 uncles=0 elapsed=162.647µs
INFO [02-03|15:35:34] Successfully sealed new block            number=100 hash=c6669c…d676f7
INFO [02-03|15:35:34] 🔗 block reached canonical chain          number=95  hash=09ca49…488163
INFO [02-03|15:35:34] 🔨 mined potential block                  number=100 hash=c6669c…d676f7
INFO [02-03|15:35:34] Commit new mining work                   number=101 txs=0 uncles=0 elapsed=746.858µs
INFO [02-03|15:35:35] Successfully sealed new block            number=101 hash=e84edf…590fcd
INFO [02-03|15:35:35] 🔗 block reached canonical chain          number=96  hash=2fe150…0a3702
INFO [02-03|15:35:35] 🔨 mined potential block                  number=101 hash=e84edf…590fcd
INFO [02-03|15:35:35] Commit new mining work                   number=102 txs=0 uncles=0 elapsed=504.667µs
INFO [02-03|15:35:36] Successfully sealed new block            number=102 hash=642bfa…6f40c2
INFO [02-03|15:35:36] 🔗 block reached canonical chain          number=97  hash=d00464…2d47cd
INFO [02-03|15:35:36] Commit new mining work                   number=103 txs=0 uncles=0 elapsed=154.034µs
INFO [02-03|15:35:36] 🔨 mined potential block                  number=102 hash=642bfa…6f40c2
INFO [02-03|15:35:36] Successfully sealed new block            number=103 hash=9d6838…d47b5c
INFO [02-03|15:35:36] 🔗 block reached canonical chain          number=98  hash=ca33b0…2c3766
INFO [02-03|15:35:36] 🔨 mined potential block                  number=103 hash=9d6838…d47b5c
INFO [02-03|15:35:36] Mining too far in the future             wait=2s
INFO [02-03|15:35:38] Commit new mining work                   number=104 txs=0 uncles=0 elapsed=2.004s
INFO [02-03|15:35:39] Successfully sealed new block            number=104 hash=f8a95e…965dd1
INFO [02-03|15:35:39] 🔗 block reached canonical chain          number=99  hash=8008bd…58fc08
INFO [02-03|15:35:39] 🔨 mined potential block                  number=104 hash=f8a95e…965dd1
INFO [02-03|15:35:39] Commit new mining work                   number=105 txs=0 uncles=0 elapsed=514.066µs
INFO [02-03|15:35:40] Successfully sealed new block            number=105 hash=f93a97…171c20
INFO [02-03|15:35:40] 🔗 block reached canonical chain          number=100 hash=c6669c…d676f7
INFO [02-03|15:35:40] 🔨 mined potential block                  number=105 hash=f93a97…171c20
INFO [02-03|15:35:40] Commit new mining work                   number=106 txs=0 uncles=0 elapsed=222.264µs
INFO [02-03|15:35:41] Successfully sealed new block            number=106 hash=0fa37d…62f565
INFO [02-03|15:35:41] 🔗 block reached canonical chain          number=101 hash=e84edf…590fcd
INFO [02-03|15:35:41] Commit new mining work                   number=107 txs=0 uncles=0 elapsed=186.857µs
INFO [02-03|15:35:41] 🔨 mined potential block                  number=106 hash=0fa37d…62f565
INFO [02-03|15:35:41] Successfully sealed new block            number=107 hash=b12f04…f403f5
INFO [02-03|15:35:41] 🔗 block reached canonical chain          number=102 hash=642bfa…6f40c2
INFO [02-03|15:35:41] 🔨 mined potential block                  number=107 hash=b12f04…f403f5
INFO [02-03|15:35:41] Commit new mining work                   number=108 txs=0 uncles=0 elapsed=274.35µs
INFO [02-03|15:35:41] Successfully sealed new block            number=108 hash=4f27e0…0e1dd9
INFO [02-03|15:35:41] 🔗 block reached canonical chain          number=103 hash=9d6838…d47b5c
INFO [02-03|15:35:41] 🔨 mined potential block                  number=108 hash=4f27e0…0e1dd9
INFO [02-03|15:35:41] Mining too far in the future             wait=2s
INFO [02-03|15:35:43] Commit new mining work                   number=109 txs=0 uncles=0 elapsed=2.006s
INFO [02-03|15:35:44] Successfully sealed new block            number=109 hash=6ffafc…edf42c
INFO [02-03|15:35:44] 🔗 block reached canonical chain          number=104 hash=f8a95e…965dd1
INFO [02-03|15:35:44] 🔨 mined potential block                  number=109 hash=6ffafc…edf42c
INFO [02-03|15:35:44] Commit new mining work                   number=110 txs=0 uncles=0 elapsed=598.561µs
INFO [02-03|15:35:45] Successfully sealed new block            number=110 hash=7883e9…97434b
INFO [02-03|15:35:45] 🔗 block reached canonical chain          number=105 hash=f93a97…171c20
INFO [02-03|15:35:45] 🔨 mined potential block                  number=110 hash=7883e9…97434b
INFO [02-03|15:35:45] Commit new mining work                   number=111 txs=0 uncles=0 elapsed=176.784µs
INFO [02-03|15:35:46] Successfully sealed new block            number=111 hash=2f2b19…18e14e
INFO [02-03|15:35:46] 🔗 block reached canonical chain          number=106 hash=0fa37d…62f565
INFO [02-03|15:35:46] 🔨 mined potential block                  number=111 hash=2f2b19…18e14e
INFO [02-03|15:35:46] Commit new mining work                   number=112 txs=0 uncles=0 elapsed=148.677µs
INFO [02-03|15:35:48] Successfully sealed new block            number=112 hash=007f61…5a14c6
INFO [02-03|15:35:48] Commit new mining work                   number=113 txs=0 uncles=0 elapsed=851.247µs
INFO [02-03|15:35:48] 🔗 block reached canonical chain          number=107 hash=b12f04…f403f5
INFO [02-03|15:35:48] 🔨 mined potential block                  number=112 hash=007f61…5a14c6
INFO [02-03|15:35:51] Successfully sealed new block            number=113 hash=bc0b17…72c055
INFO [02-03|15:35:51] 🔗 block reached canonical chain          number=108 hash=4f27e0…0e1dd9
INFO [02-03|15:35:51] 🔨 mined potential block                  number=113 hash=bc0b17…72c055
INFO [02-03|15:35:51] Commit new mining work                   number=114 txs=0 uncles=0 elapsed=426.787µs
INFO [02-03|15:35:53] Successfully sealed new block            number=114 hash=c6daf3…b09b64
INFO [02-03|15:35:53] 🔗 block reached canonical chain          number=109 hash=6ffafc…edf42c
INFO [02-03|15:35:53] 🔨 mined potential block                  number=114 hash=c6daf3…b09b64
INFO [02-03|15:35:53] Commit new mining work                   number=115 txs=0 uncles=0 elapsed=240.374µs
INFO [02-03|15:35:54] Successfully sealed new block            number=115 hash=08a7c7…baa5ea
INFO [02-03|15:35:54] 🔗 block reached canonical chain          number=110 hash=7883e9…97434b
INFO [02-03|15:35:54] 🔨 mined potential block                  number=115 hash=08a7c7…baa5ea
INFO [02-03|15:35:54] Commit new mining work                   number=116 txs=0 uncles=0 elapsed=306.873µs
INFO [02-03|15:35:54] Successfully sealed new block            number=116 hash=34234c…40b622
INFO [02-03|15:35:54] 🔗 block reached canonical chain          number=111 hash=2f2b19…18e14e
INFO [02-03|15:35:54] 🔨 mined potential block                  number=116 hash=34234c…40b622
INFO [02-03|15:35:54] Commit new mining work                   number=117 txs=0 uncles=0 elapsed=281.731µs
INFO [02-03|15:35:55] Successfully sealed new block            number=117 hash=c9087c…e4a768
INFO [02-03|15:35:55] 🔗 block reached canonical chain          number=112 hash=007f61…5a14c6
INFO [02-03|15:35:55] 🔨 mined potential block                  number=117 hash=c9087c…e4a768
INFO [02-03|15:35:55] Commit new mining work                   number=118 txs=0 uncles=0 elapsed=1.193ms
INFO [02-03|15:36:01] Successfully sealed new block            number=118 hash=f8de1b…70ea4c
INFO [02-03|15:36:01] 🔗 block reached canonical chain          number=113 hash=bc0b17…72c055
INFO [02-03|15:36:01] 🔨 mined potential block                  number=118 hash=f8de1b…70ea4c
INFO [02-03|15:36:01] Commit new mining work                   number=119 txs=0 uncles=0 elapsed=177.096µs
INFO [02-03|15:36:01] Successfully sealed new block            number=119 hash=393a9f…0817dc
INFO [02-03|15:36:01] 🔗 block reached canonical chain          number=114 hash=c6daf3…b09b64
INFO [02-03|15:36:01] 🔨 mined potential block                  number=119 hash=393a9f…0817dc
INFO [02-03|15:36:01] Commit new mining work                   number=120 txs=0 uncles=0 elapsed=208.553µs
INFO [02-03|15:36:02] Successfully sealed new block            number=120 hash=3748d6…47766b
INFO [02-03|15:36:02] 🔗 block reached canonical chain          number=115 hash=08a7c7…baa5ea
INFO [02-03|15:36:02] Commit new mining work                   number=121 txs=0 uncles=0 elapsed=516.722µs
INFO [02-03|15:36:02] 🔨 mined potential block                  number=120 hash=3748d6…47766b
INFO [02-03|15:36:03] Successfully sealed new block            number=121 hash=afd274…968d96
INFO [02-03|15:36:03] 🔗 block reached canonical chain          number=116 hash=34234c…40b622
INFO [02-03|15:36:03] 🔨 mined potential block                  number=121 hash=afd274…968d96
INFO [02-03|15:36:03] Commit new mining work                   number=122 txs=0 uncles=0 elapsed=270.53µs
INFO [02-03|15:36:04] Successfully sealed new block            number=122 hash=a78d56…8cd354
INFO [02-03|15:36:04] 🔗 block reached canonical chain          number=117 hash=c9087c…e4a768
INFO [02-03|15:36:04] 🔨 mined potential block                  number=122 hash=a78d56…8cd354
INFO [02-03|15:36:04] Commit new mining work                   number=123 txs=0 uncles=0 elapsed=380.616µs
INFO [02-03|15:36:05] Successfully sealed new block            number=123 hash=428991…33261a
INFO [02-03|15:36:05] 🔗 block reached canonical chain          number=118 hash=f8de1b…70ea4c
INFO [02-03|15:36:05] 🔨 mined potential block                  number=123 hash=428991…33261a
INFO [02-03|15:36:05] Commit new mining work                   number=124 txs=0 uncles=0 elapsed=215.722µs
INFO [02-03|15:36:06] Successfully sealed new block            number=124 hash=d13d7f…af73d2
INFO [02-03|15:36:06] 🔗 block reached canonical chain          number=119 hash=393a9f…0817dc
INFO [02-03|15:36:06] 🔨 mined potential block                  number=124 hash=d13d7f…af73d2
INFO [02-03|15:36:06] Commit new mining work                   number=125 txs=0 uncles=0 elapsed=186.518µs
INFO [02-03|15:36:11] Successfully sealed new block            number=125 hash=34dea4…8ce7cd
INFO [02-03|15:36:11] 🔗 block reached canonical chain          number=120 hash=3748d6…47766b
INFO [02-03|15:36:11] 🔨 mined potential block                  number=125 hash=34dea4…8ce7cd
INFO [02-03|15:36:11] Commit new mining work                   number=126 txs=0 uncles=0 elapsed=2.054ms
INFO [02-03|15:36:15] Successfully sealed new block            number=126 hash=62f730…5ba6e5
INFO [02-03|15:36:15] 🔗 block reached canonical chain          number=121 hash=afd274…968d96
INFO [02-03|15:36:15] 🔨 mined potential block                  number=126 hash=62f730…5ba6e5
INFO [02-03|15:36:15] Commit new mining work                   number=127 txs=0 uncles=0 elapsed=192.426µs
INFO [02-03|15:36:15] Successfully sealed new block            number=127 hash=02dad2…184e45
INFO [02-03|15:36:15] 🔗 block reached canonical chain          number=122 hash=a78d56…8cd354
INFO [02-03|15:36:15] 🔨 mined potential block                  number=127 hash=02dad2…184e45
INFO [02-03|15:36:15] Commit new mining work                   number=128 txs=0 uncles=0 elapsed=137.093µs
INFO [02-03|15:36:16] Successfully sealed new block            number=128 hash=c73419…9cd708
INFO [02-03|15:36:16] 🔗 block reached canonical chain          number=123 hash=428991…33261a
INFO [02-03|15:36:16] 🔨 mined potential block                  number=128 hash=c73419…9cd708
INFO [02-03|15:36:16] Commit new mining work                   number=129 txs=0 uncles=0 elapsed=420.196µs
INFO [02-03|15:36:19] Successfully sealed new block            number=129 hash=e8af5b…ad83c1
INFO [02-03|15:36:19] 🔗 block reached canonical chain          number=124 hash=d13d7f…af73d2
INFO [02-03|15:36:19] 🔨 mined potential block                  number=129 hash=e8af5b…ad83c1
INFO [02-03|15:36:19] Commit new mining work                   number=130 txs=0 uncles=0 elapsed=274.844µs
INFO [02-03|15:36:19] Successfully sealed new block            number=130 hash=a42f39…fae708
INFO [02-03|15:36:19] 🔗 block reached canonical chain          number=125 hash=34dea4…8ce7cd
INFO [02-03|15:36:19] 🔨 mined potential block                  number=130 hash=a42f39…fae708
INFO [02-03|15:36:19] Commit new mining work                   number=131 txs=0 uncles=0 elapsed=151.209µs
INFO [02-03|15:36:21] Successfully sealed new block            number=131 hash=004172…e8713d
INFO [02-03|15:36:21] 🔗 block reached canonical chain          number=126 hash=62f730…5ba6e5
INFO [02-03|15:36:21] 🔨 mined potential block                  number=131 hash=004172…e8713d
INFO [02-03|15:36:21] Commit new mining work                   number=132 txs=0 uncles=0 elapsed=250.603µs
INFO [02-03|15:36:23] Successfully sealed new block            number=132 hash=5e2e89…feb4e3
INFO [02-03|15:36:23] 🔗 block reached canonical chain          number=127 hash=02dad2…184e45
INFO [02-03|15:36:23] 🔨 mined potential block                  number=132 hash=5e2e89…feb4e3
INFO [02-03|15:36:23] Commit new mining work                   number=133 txs=0 uncles=0 elapsed=196.943µs
INFO [02-03|15:36:24] Successfully sealed new block            number=133 hash=f80bf0…5e0920
INFO [02-03|15:36:24] 🔗 block reached canonical chain          number=128 hash=c73419…9cd708
INFO [02-03|15:36:24] 🔨 mined potential block                  number=133 hash=f80bf0…5e0920
INFO [02-03|15:36:24] Commit new mining work                   number=134 txs=0 uncles=0 elapsed=825.481µs
INFO [02-03|15:36:29] Successfully sealed new block            number=134 hash=404150…dec89b
INFO [02-03|15:36:29] 🔗 block reached canonical chain          number=129 hash=e8af5b…ad83c1
INFO [02-03|15:36:29] 🔨 mined potential block                  number=134 hash=404150…dec89b
INFO [02-03|15:36:29] Commit new mining work                   number=135 txs=0 uncles=0 elapsed=773.783µs
INFO [02-03|15:36:30] Successfully sealed new block            number=135 hash=b9562b…b1af20
INFO [02-03|15:36:30] 🔗 block reached canonical chain          number=130 hash=a42f39…fae708
INFO [02-03|15:36:30] 🔨 mined potential block                  number=135 hash=b9562b…b1af20
INFO [02-03|15:36:30] Commit new mining work                   number=136 txs=0 uncles=0 elapsed=455.263µs
INFO [02-03|15:36:31] Successfully sealed new block            number=136 hash=beb800…00e97d
INFO [02-03|15:36:31] 🔗 block reached canonical chain          number=131 hash=004172…e8713d
INFO [02-03|15:36:31] 🔨 mined potential block                  number=136 hash=beb800…00e97d
INFO [02-03|15:36:31] Commit new mining work                   number=137 txs=0 uncles=0 elapsed=461.57µs
INFO [02-03|15:36:34] Successfully sealed new block            number=137 hash=2ee0a4…21f0bb
INFO [02-03|15:36:34] 🔗 block reached canonical chain          number=132 hash=5e2e89…feb4e3
INFO [02-03|15:36:34] 🔨 mined potential block                  number=137 hash=2ee0a4…21f0bb
INFO [02-03|15:36:34] Commit new mining work                   number=138 txs=0 uncles=0 elapsed=135.064µs
INFO [02-03|15:36:34] Successfully sealed new block            number=138 hash=48e003…6391d2
INFO [02-03|15:36:34] 🔗 block reached canonical chain          number=133 hash=f80bf0…5e0920
INFO [02-03|15:36:34] 🔨 mined potential block                  number=138 hash=48e003…6391d2
INFO [02-03|15:36:34] Commit new mining work                   number=139 txs=0 uncles=0 elapsed=308.084µs
INFO [02-03|15:36:35] Successfully sealed new block            number=139 hash=54914e…7007d0
INFO [02-03|15:36:35] 🔗 block reached canonical chain          number=134 hash=404150…dec89b
INFO [02-03|15:36:35] 🔨 mined potential block                  number=139 hash=54914e…7007d0
INFO [02-03|15:36:35] Commit new mining work                   number=140 txs=0 uncles=0 elapsed=162.583µs
INFO [02-03|15:36:37] Successfully sealed new block            number=140 hash=900059…77a897
INFO [02-03|15:36:37] 🔗 block reached canonical chain          number=135 hash=b9562b…b1af20
INFO [02-03|15:36:37] 🔨 mined potential block                  number=140 hash=900059…77a897
INFO [02-03|15:36:37] Commit new mining work                   number=141 txs=0 uncles=0 elapsed=5.327ms
INFO [02-03|15:36:38] Successfully sealed new block            number=141 hash=70ae1c…8bcc48
INFO [02-03|15:36:38] 🔗 block reached canonical chain          number=136 hash=beb800…00e97d
INFO [02-03|15:36:38] 🔨 mined potential block                  number=141 hash=70ae1c…8bcc48
INFO [02-03|15:36:38] Commit new mining work                   number=142 txs=0 uncles=0 elapsed=155.406µs
INFO [02-03|15:36:38] Successfully sealed new block            number=142 hash=9e26f9…cce3ec
INFO [02-03|15:36:38] 🔗 block reached canonical chain          number=137 hash=2ee0a4…21f0bb
INFO [02-03|15:36:38] 🔨 mined potential block                  number=142 hash=9e26f9…cce3ec
INFO [02-03|15:36:38] Commit new mining work                   number=143 txs=0 uncles=0 elapsed=329.48µs
INFO [02-03|15:36:39] Successfully sealed new block            number=143 hash=29c326…98ed08
INFO [02-03|15:36:39] 🔗 block reached canonical chain          number=138 hash=48e003…6391d2
INFO [02-03|15:36:39] 🔨 mined potential block                  number=143 hash=29c326…98ed08
INFO [02-03|15:36:39] Commit new mining work                   number=144 txs=0 uncles=0 elapsed=745.098µs
INFO [02-03|15:36:40] Successfully sealed new block            number=144 hash=c3d77f…f4c0f5
INFO [02-03|15:36:40] 🔗 block reached canonical chain          number=139 hash=54914e…7007d0
INFO [02-03|15:36:40] 🔨 mined potential block                  number=144 hash=c3d77f…f4c0f5
INFO [02-03|15:36:40] Commit new mining work                   number=145 txs=0 uncles=0 elapsed=606.232µs
INFO [02-03|15:36:40] Successfully sealed new block            number=145 hash=c936a6…6dfe0f
INFO [02-03|15:36:40] 🔗 block reached canonical chain          number=140 hash=900059…77a897
INFO [02-03|15:36:40] 🔨 mined potential block                  number=145 hash=c936a6…6dfe0f
INFO [02-03|15:36:40] Mining too far in the future             wait=2s
INFO [02-03|15:36:42] Commit new mining work                   number=146 txs=0 uncles=0 elapsed=2.000s
INFO [02-03|15:36:42] Successfully sealed new block            number=146 hash=66010d…7b6162
INFO [02-03|15:36:42] 🔗 block reached canonical chain          number=141 hash=70ae1c…8bcc48
INFO [02-03|15:36:42] 🔨 mined potential block                  number=146 hash=66010d…7b6162
INFO [02-03|15:36:42] Commit new mining work                   number=147 txs=0 uncles=0 elapsed=263.692µs
INFO [02-03|15:36:43] Successfully sealed new block            number=147 hash=6f4a8c…2fd88c
INFO [02-03|15:36:43] 🔗 block reached canonical chain          number=142 hash=9e26f9…cce3ec
INFO [02-03|15:36:43] 🔨 mined potential block                  number=147 hash=6f4a8c…2fd88c
INFO [02-03|15:36:43] Commit new mining work                   number=148 txs=0 uncles=0 elapsed=229.644µs
INFO [02-03|15:36:43] Successfully sealed new block            number=148 hash=bde5aa…174ab8
INFO [02-03|15:36:43] 🔗 block reached canonical chain          number=143 hash=29c326…98ed08
INFO [02-03|15:36:43] 🔨 mined potential block                  number=148 hash=bde5aa…174ab8
INFO [02-03|15:36:43] Mining too far in the future             wait=2s
INFO [02-03|15:36:45] Commit new mining work                   number=149 txs=0 uncles=0 elapsed=2.002s
INFO [02-03|15:36:45] Successfully sealed new block            number=149 hash=d9a52b…e3527d
INFO [02-03|15:36:45] 🔗 block reached canonical chain          number=144 hash=c3d77f…f4c0f5
INFO [02-03|15:36:45] 🔨 mined potential block                  number=149 hash=d9a52b…e3527d
INFO [02-03|15:36:45] Commit new mining work                   number=150 txs=0 uncles=0 elapsed=122.445µs
INFO [02-03|15:36:45] Successfully sealed new block            number=150 hash=fab685…d754bf
INFO [02-03|15:36:45] 🔗 block reached canonical chain          number=145 hash=c936a6…6dfe0f
INFO [02-03|15:36:45] 🔨 mined potential block                  number=150 hash=fab685…d754bf
INFO [02-03|15:36:45] Mining too far in the future             wait=2s
INFO [02-03|15:36:47] Commit new mining work                   number=151 txs=0 uncles=0 elapsed=2.000s
INFO [02-03|15:36:48] Successfully sealed new block            number=151 hash=23f0f5…c58744
INFO [02-03|15:36:48] 🔗 block reached canonical chain          number=146 hash=66010d…7b6162
INFO [02-03|15:36:48] 🔨 mined potential block                  number=151 hash=23f0f5…c58744
INFO [02-03|15:36:48] Commit new mining work                   number=152 txs=0 uncles=0 elapsed=207.83µs
INFO [02-03|15:36:48] Successfully sealed new block            number=152 hash=1f9f0a…4d5422
INFO [02-03|15:36:48] 🔗 block reached canonical chain          number=147 hash=6f4a8c…2fd88c
INFO [02-03|15:36:48] 🔨 mined potential block                  number=152 hash=1f9f0a…4d5422
INFO [02-03|15:36:48] Commit new mining work                   number=153 txs=0 uncles=0 elapsed=158.357µs
INFO [02-03|15:36:49] Successfully sealed new block            number=153 hash=c4a5b7…77faa4
INFO [02-03|15:36:49] 🔗 block reached canonical chain          number=148 hash=bde5aa…174ab8
INFO [02-03|15:36:49] 🔨 mined potential block                  number=153 hash=c4a5b7…77faa4
INFO [02-03|15:36:49] Commit new mining work                   number=154 txs=0 uncles=0 elapsed=320.834µs
INFO [02-03|16:04:28] Regenerated local transaction journal    transactions=0 accounts=0
Welcome to the Geth JavaScript console!

instance: Geth/myNode/v1.7.3-stable/darwin-amd64/go1.9.3
coinbase: 0x51e227f19e3f5640aa2867c2e9c7c88709b17172
at block: 183 (Sat, 03 Feb 2018 16:38:35 PST)
 datadir: /Users/lemiesz/PersonalProjects/MyToken/myDataDir
 modules: admin:1.0 debug:1.0 eth:1.0 miner:1.0 net:1.0 personal:1.0 rpc:1.0 txpool:1.0 web3:1.0

> 